Using pre-set license
Built from '2020.3/staging' branch; Version is '2020.3.20f1 (41c4e627c95f) revision 4310246'; Using compiler version '192528614'; Build Type 'Release'
OS: 'Windows 10 Home; OS build 19043.1526; Version 2009; 64bit' Language: 'en' Physical Memory: 16303 MB
BatchMode: 1, IsHumanControllingUs: 0, StartBugReporterOnCrash: 0, Is64bit: 1, IsPro: 0

COMMAND LINE ARGUMENTS:
C:\Program Files\Unity\Hub\Editor\2020.3.20f1\Editor\Unity.exe
-adb2
-batchMode
-noUpm
-name
AssetImportWorker1
-projectPath
D:/School/Year 2/Sem 2/IP/IP-YR2
-logFile
Logs/AssetImportWorker1.log
-srvPort
64173
Successfully changed project path to: D:/School/Year 2/Sem 2/IP/IP-YR2
D:/School/Year 2/Sem 2/IP/IP-YR2
Using Asset Import Pipeline V2.
Refreshing native plugins compatible for Editor in 67.60 ms, found 10 plugins.
Preloading 0 native plugins for Editor in 0.00 ms.
Initialize engine version: 2020.3.20f1 (41c4e627c95f)
[Subsystems] Discovering subsystems at path C:/Program Files/Unity/Hub/Editor/2020.3.20f1/Editor/Data/Resources/UnitySubsystems
[Subsystems] Discovering subsystems at path D:/School/Year 2/Sem 2/IP/IP-YR2/Assets
GfxDevice: creating device client; threaded=0
Direct3D:
    Version:  Direct3D 11.0 [level 11.1]
    Renderer: NVIDIA GeForce GTX 1660 Ti (ID=0x2191)
    Vendor:   
    VRAM:     5991 MB
    Driver:   30.0.14.7111
Initialize mono
Mono path[0] = 'C:/Program Files/Unity/Hub/Editor/2020.3.20f1/Editor/Data/Managed'
Mono path[1] = 'C:/Program Files/Unity/Hub/Editor/2020.3.20f1/Editor/Data/MonoBleedingEdge/lib/mono/unityjit'
Mono config path = 'C:/Program Files/Unity/Hub/Editor/2020.3.20f1/Editor/Data/MonoBleedingEdge/etc'
Using monoOptions --debugger-agent=transport=dt_socket,embedding=1,server=y,suspend=n,address=127.0.0.1:56904
Begin MonoManager ReloadAssembly
Registering precompiled unity dll's ...
Register platform support module: C:/Program Files/Unity/Hub/Editor/2020.3.20f1/Editor/Data/PlaybackEngines/WindowsStandaloneSupport/UnityEditor.WindowsStandalone.Extensions.dll
Registered in 0.002037 seconds.
Native extension for WindowsStandalone target not found
Refreshing native plugins compatible for Editor in 65.22 ms, found 10 plugins.
Preloading 0 native plugins for Editor in 0.00 ms.
Mono: successfully reloaded assembly
- Completed reload, in  1.836 seconds
Domain Reload Profiling:
	ReloadAssembly (1836ms)
		BeginReloadAssembly (53ms)
			ExecutionOrderSort (0ms)
			DisableScriptedObjects (0ms)
			BackupInstance (0ms)
			ReleaseScriptingObjects (0ms)
			CreateAndSetChildDomain (1ms)
		EndReloadAssembly (428ms)
			LoadAssemblies (50ms)
			RebuildTransferFunctionScriptingTraits (0ms)
			SetupTypeCache (140ms)
			ReleaseScriptCaches (0ms)
			RebuildScriptCaches (36ms)
			SetupLoadedEditorAssemblies (186ms)
				LogAssemblyErrors (0ms)
				InitializePlatformSupportModulesInManaged (5ms)
				SetLoadedEditorAssemblies (1ms)
				RefreshPlugins (65ms)
				BeforeProcessingInitializeOnLoad (15ms)
				ProcessInitializeOnLoadAttributes (72ms)
				ProcessInitializeOnLoadMethodAttributes (27ms)
				AfterProcessingInitializeOnLoad (0ms)
				EditorAssembliesLoaded (0ms)
			ExecutionOrderSort2 (0ms)
			AwakeInstancesAfterBackupRestoration (0ms)
Platform modules already initialized, skipping
Registering precompiled user dll's ...
Registered in 0.006632 seconds.
Begin MonoManager ReloadAssembly
Native extension for WindowsStandalone target not found
Refreshing native plugins compatible for Editor in 85.19 ms, found 10 plugins.
Preloading 0 native plugins for Editor in 0.00 ms.
Mono: successfully reloaded assembly
- Completed reload, in  3.845 seconds
Domain Reload Profiling:
	ReloadAssembly (3846ms)
		BeginReloadAssembly (140ms)
			ExecutionOrderSort (0ms)
			DisableScriptedObjects (5ms)
			BackupInstance (0ms)
			ReleaseScriptingObjects (0ms)
			CreateAndSetChildDomain (20ms)
		EndReloadAssembly (3400ms)
			LoadAssemblies (2344ms)
			RebuildTransferFunctionScriptingTraits (0ms)
			SetupTypeCache (373ms)
			ReleaseScriptCaches (1ms)
			RebuildScriptCaches (58ms)
			SetupLoadedEditorAssemblies (485ms)
				LogAssemblyErrors (0ms)
				InitializePlatformSupportModulesInManaged (4ms)
				SetLoadedEditorAssemblies (0ms)
				RefreshPlugins (85ms)
				BeforeProcessingInitializeOnLoad (109ms)
				ProcessInitializeOnLoadAttributes (273ms)
				ProcessInitializeOnLoadMethodAttributes (7ms)
				AfterProcessingInitializeOnLoad (6ms)
				EditorAssembliesLoaded (1ms)
			ExecutionOrderSort2 (0ms)
			AwakeInstancesAfterBackupRestoration (7ms)
Platform modules already initialized, skipping
========================================================================
Worker process is ready to serve import requests
Launched and connected shader compiler UnityShaderCompiler.exe after 0.10 seconds
Refreshing native plugins compatible for Editor in 0.95 ms, found 10 plugins.
Preloading 0 native plugins for Editor in 0.00 ms.
Unloading 3792 Unused Serialized files (Serialized files now loaded: 0)
System memory in use before: 161.5 MB.
System memory in use after: 161.8 MB.

Unloading 38 unused Assets to reduce memory usage. Loaded Objects now: 4215.
Total: 6.665700 ms (FindLiveObjects: 0.291900 ms CreateObjectMapping: 0.155200 ms MarkObjects: 5.754100 ms  DeleteObjects: 0.463600 ms)

AssetImportParameters requested are different than current active one (requested -> active):
  custom:framework-win-MediaFoundation: 216162199b28c13a410421893ffa2e32 -> 
  custom:video-decoder-ogg-theora: a1e56fd34408186e4bbccfd4996cb3dc -> 
  custom:container-muxer-webm: aa71ff27fc2769a1b78a27578f13a17b -> 
  custom:container-demuxer-webm: 4f35f7cbe854078d1ac9338744f61a02 -> 
  custom:container-demuxer-ogg: 62fdf1f143b41e24485cea50d1cbac27 -> 
  custom:video-encoder-webm-vp8: eb34c28f22e8b96e1ab97ce403110664 -> 
  custom:video-codec-MediaFoundation-h265: 746d11721c4dcdbdad8f713fa42b33f4 -> 
  custom:video-decoder-webm-vp8: 9c59270c3fd7afecdb556c50c9e8de78 -> 
  custom:audio-decoder-ogg-vorbis: bf7c407c2cedff20999df2af8eb42d56 -> 
  custom:audio-encoder-webm-vorbis: bf7c407c2cedff20999df2af8eb42d56 -> 
========================================================================
Received Import Request.
  path: Assets/models/meagan
  artifactKey: Guid(f4df9b20fe521db4aa484ff6bc1f12fe) Importer(815301076,1909f56bfc062723c751e8b465ee728b)
Start importing Assets/models/meagan using Guid(f4df9b20fe521db4aa484ff6bc1f12fe) Importer(815301076,1909f56bfc062723c751e8b465ee728b)  -> (artifact id: '24443c5bde93cae98af03bdb3aab775a') in 0.045020 seconds 
  Import took 0.050141 seconds .

========================================================================
Received Import Request.
  Time since last request: 4330.295878 seconds.
  path: Assets/models/meagan/cupboard doors.fbx
  artifactKey: Guid(41a6346daa61fb249adcbd8e58eddc07) Importer(815301076,1909f56bfc062723c751e8b465ee728b)
Start importing Assets/models/meagan/cupboard doors.fbx using Guid(41a6346daa61fb249adcbd8e58eddc07) Importer(815301076,1909f56bfc062723c751e8b465ee728b)  -> (artifact id: '708555b73b84acd0c53ce34ae9bfd82f') in 2.778730 seconds 
  Import took 3.281874 seconds .

========================================================================
Received Import Request.
  Time since last request: 252.809565 seconds.
  path: Assets/Scenes/ITD Part.unity
  artifactKey: Guid(d627050b0411d6f4d99e473f697b1c2a) Importer(815301076,1909f56bfc062723c751e8b465ee728b)
Start importing Assets/Scenes/ITD Part.unity using Guid(d627050b0411d6f4d99e473f697b1c2a) Importer(815301076,1909f56bfc062723c751e8b465ee728b)  -> (artifact id: '76ce258ff2c33b8003130b51ecd34a9c') in 0.009906 seconds 
  Import took 0.104249 seconds .

========================================================================
Received Import Request.
  Time since last request: 66.909801 seconds.
  path: Assets/Prefabs/Bandage.prefab
  artifactKey: Guid(ffb8075199be54f43a179bef727ef502) Importer(815301076,1909f56bfc062723c751e8b465ee728b)
Start importing Assets/Prefabs/Bandage.prefab using Guid(ffb8075199be54f43a179bef727ef502) Importer(815301076,1909f56bfc062723c751e8b465ee728b)  -> (artifact id: 'ef58aa4c7e71ebb4c08b0bc766c1474e') in 0.483239 seconds 
  Import took 0.573112 seconds .

========================================================================
Received Import Request.
  Time since last request: 0.000262 seconds.
  path: Assets/Prefabs/Human_Bandage(split).prefab
  artifactKey: Guid(ad41e24e26f4669459fb6a50c77a6190) Importer(815301076,1909f56bfc062723c751e8b465ee728b)
Start importing Assets/Prefabs/Human_Bandage(split).prefab using Guid(ad41e24e26f4669459fb6a50c77a6190) Importer(815301076,1909f56bfc062723c751e8b465ee728b)  -> (artifact id: 'c26d4fa544a29862fcfdd44bdfee84a7') in 0.020032 seconds 
  Import took 0.057803 seconds .

========================================================================
Received Import Request.
  Time since last request: 0.000292 seconds.
  path: Assets/Prefabs/Upperbody.prefab
  artifactKey: Guid(7a6be421c7d9aa548bc8d3a1456cb80d) Importer(815301076,1909f56bfc062723c751e8b465ee728b)
Start importing Assets/Prefabs/Upperbody.prefab using Guid(7a6be421c7d9aa548bc8d3a1456cb80d) Importer(815301076,1909f56bfc062723c751e8b465ee728b)  -> (artifact id: '94014038241a49151bc8f20f28e6355f') in 0.184391 seconds 
  Import took 0.205864 seconds .

========================================================================
Received Import Request.
  Time since last request: 0.000369 seconds.
  path: Assets/Prefabs/Clinic.prefab
  artifactKey: Guid(cf469edfe2941c14b95bfc9841764bde) Importer(815301076,1909f56bfc062723c751e8b465ee728b)
Start importing Assets/Prefabs/Clinic.prefab using Guid(cf469edfe2941c14b95bfc9841764bde) Importer(815301076,1909f56bfc062723c751e8b465ee728b)  -> (artifact id: '5cd697e0333a9a8fc174227f6767fe1a') in 0.309018 seconds 
  Import took 0.326268 seconds .

========================================================================
Received Import Request.
  Time since last request: 76.104372 seconds.
  path: Assets/Prefabs/Clinic.prefab
  artifactKey: Guid(cf469edfe2941c14b95bfc9841764bde) Importer(815301076,1909f56bfc062723c751e8b465ee728b)
Start importing Assets/Prefabs/Clinic.prefab using Guid(cf469edfe2941c14b95bfc9841764bde) Importer(815301076,1909f56bfc062723c751e8b465ee728b)  -> (artifact id: 'c1dfd4bfff6f891d12ac5c9d28437180') in 0.085873 seconds 
  Import took 0.106860 seconds .

========================================================================
Received Import Request.
  Time since last request: 6.787715 seconds.
  path: Assets/Prefabs/Clinic.prefab
  artifactKey: Guid(cf469edfe2941c14b95bfc9841764bde) Importer(815301076,1909f56bfc062723c751e8b465ee728b)
Start importing Assets/Prefabs/Clinic.prefab using Guid(cf469edfe2941c14b95bfc9841764bde) Importer(815301076,1909f56bfc062723c751e8b465ee728b)  -> (artifact id: '4b0a8b8b24ba438cdff3b675b1703cc4') in 0.053379 seconds 
  Import took 0.127594 seconds .

========================================================================
Received Import Request.
  Time since last request: 160.486519 seconds.
  path: Assets/models/Lindsay/Texture/HumanBody_Bandage.mat
  artifactKey: Guid(dfcf70100516d7e4088304393224f504) Importer(815301076,1909f56bfc062723c751e8b465ee728b)
Start importing Assets/models/Lindsay/Texture/HumanBody_Bandage.mat using Guid(dfcf70100516d7e4088304393224f504) Importer(815301076,1909f56bfc062723c751e8b465ee728b)  -> (artifact id: '8133168aaef24ec77c053e092b2048f6') in 0.039112 seconds 
  Import took 0.061461 seconds .

========================================================================
Received Import Request.
  Time since last request: 92.257403 seconds.
  path: Assets/Prefabs/Clinic.prefab
  artifactKey: Guid(cf469edfe2941c14b95bfc9841764bde) Importer(815301076,1909f56bfc062723c751e8b465ee728b)
Start importing Assets/Prefabs/Clinic.prefab using Guid(cf469edfe2941c14b95bfc9841764bde) Importer(815301076,1909f56bfc062723c751e8b465ee728b)  -> (artifact id: '6b22f02601ebf9d510e2e7787939f465') in 0.066588 seconds 
  Import took 0.210168 seconds .

========================================================================
Received Prepare
Registering precompiled user dll's ...
Registered in 0.382881 seconds.
Begin MonoManager ReloadAssembly
Native extension for WindowsStandalone target not found
Refreshing native plugins compatible for Editor in 1.37 ms, found 10 plugins.
Preloading 0 native plugins for Editor in 0.00 ms.
Mono: successfully reloaded assembly
- Completed reload, in  2.182 seconds
Domain Reload Profiling:
	ReloadAssembly (2184ms)
		BeginReloadAssembly (394ms)
			ExecutionOrderSort (0ms)
			DisableScriptedObjects (25ms)
			BackupInstance (0ms)
			ReleaseScriptingObjects (0ms)
			CreateAndSetChildDomain (238ms)
		EndReloadAssembly (1726ms)
			LoadAssemblies (114ms)
			RebuildTransferFunctionScriptingTraits (0ms)
			SetupTypeCache (368ms)
			ReleaseScriptCaches (1ms)
			RebuildScriptCaches (47ms)
			SetupLoadedEditorAssemblies (384ms)
				LogAssemblyErrors (0ms)
				InitializePlatformSupportModulesInManaged (4ms)
				SetLoadedEditorAssemblies (1ms)
				RefreshPlugins (1ms)
				BeforeProcessingInitializeOnLoad (97ms)
				ProcessInitializeOnLoadAttributes (264ms)
				ProcessInitializeOnLoadMethodAttributes (7ms)
				AfterProcessingInitializeOnLoad (10ms)
				EditorAssembliesLoaded (0ms)
			ExecutionOrderSort2 (0ms)
			AwakeInstancesAfterBackupRestoration (16ms)
Platform modules already initialized, skipping
Refreshing native plugins compatible for Editor in 0.83 ms, found 10 plugins.
Preloading 0 native plugins for Editor in 0.00 ms.
Unloading 3668 Unused Serialized files (Serialized files now loaded: 0)
System memory in use before: 160.1 MB.
System memory in use after: 160.3 MB.

Unloading 31 unused Assets to reduce memory usage. Loaded Objects now: 4299.
Total: 4.348400 ms (FindLiveObjects: 0.395300 ms CreateObjectMapping: 0.197600 ms MarkObjects: 3.691200 ms  DeleteObjects: 0.063200 ms)

AssetImportParameters requested are different than current active one (requested -> active):
  custom:framework-win-MediaFoundation: 216162199b28c13a410421893ffa2e32 -> 
  custom:video-decoder-ogg-theora: a1e56fd34408186e4bbccfd4996cb3dc -> 
  custom:container-muxer-webm: aa71ff27fc2769a1b78a27578f13a17b -> 
  custom:container-demuxer-webm: 4f35f7cbe854078d1ac9338744f61a02 -> 
  custom:container-demuxer-ogg: 62fdf1f143b41e24485cea50d1cbac27 -> 
  custom:video-encoder-webm-vp8: eb34c28f22e8b96e1ab97ce403110664 -> 
  custom:video-codec-MediaFoundation-h265: 746d11721c4dcdbdad8f713fa42b33f4 -> 
  custom:video-decoder-webm-vp8: 9c59270c3fd7afecdb556c50c9e8de78 -> 
  custom:audio-decoder-ogg-vorbis: bf7c407c2cedff20999df2af8eb42d56 -> 
  custom:audio-encoder-webm-vorbis: bf7c407c2cedff20999df2af8eb42d56 -> 
AssetImportWorkerClient::OnTransportError - code=2 error=End of file
